<?xml version="1.0" encoding="UTF-8"?>
<testng-results ignored="0" total="0" passed="0" failed="0" skipped="0">
  <reporter-output>
  </reporter-output>
  <suite started-at="2020-09-20T19:21:34Z" name="com.POMDemo.AppTest" finished-at="2020-09-20T19:21:34Z" duration-ms="7">
    <groups>
    </groups>
    <test started-at="2020-09-20T19:21:34Z" name="Command line test" finished-at="2020-09-20T19:21:34Z" duration-ms="7">
    </test> <!-- Command line test -->
  </suite> <!-- com.POMDemo.AppTest -->
</testng-results>
